Command: make -j 14 all
In file included from /home/umesh_adwait/esp-idf/examples/get-started/test_phase2/main/main.c:26:
/home/umesh_adwait/esp-idf/components/spi_flash/include/esp_spi_flash.h:6:2: warning: #warning esp_spi_flash.h is deprecated, please use spi_flash_mmap.h instead [-Wcpp]
    6 | #warning esp_spi_flash.h is deprecated, please use spi_flash_mmap.h instead
      |  ^~~~~~~
In file included from /home/umesh_adwait/esp-idf/examples/get-started/test_phase2/main/main.c:28:
/home/umesh_adwait/esp-idf/examples/get-started/test_phase2/main/dvr/display.h:58:18: warning: 'ssd1306_write_cmd' declared 'static' but never defined [-Wunused-function]
   58 | static esp_err_t ssd1306_write_cmd(uint8_t cmd);
      |                  ^~~~~~~~~~~~~~~~~
/home/umesh_adwait/esp-idf/examples/get-started/test_phase2/main/dvr/display.h:59:18: warning: 'ssd1306_write_data' declared 'static' but never defined [-Wunused-function]
   59 | static esp_err_t ssd1306_write_data(uint8_t* data, size_t len);
      |                  ^~~~~~~~~~~~~~~~~~
In file included from /home/umesh_adwait/esp-idf/examples/get-started/test_phase2/main/main.c:35:
/home/umesh_adwait/esp-idf/examples/get-started/test_phase2/main/dvr/interr_event.h:15:23: warning: 'read_adc' declared 'static' but never defined [-Wunused-function]
   15 | static inline int16_t read_adc(void);
      |                       ^~~~~~~~
In file included from /home/umesh_adwait/esp-idf/examples/get-started/test_phase2/main/network/wifi_config.h:33,
                 from /home/umesh_adwait/esp-idf/examples/get-started/test_phase2/main/network/network.h:25,
                 from /home/umesh_adwait/esp-idf/examples/get-started/test_phase2/main/main.c:38:
/home/umesh_adwait/esp-idf/examples/get-started/test_phase2/main/network/mqtt_app.h:33:13: warning: 'mqtt_event_handler' declared 'static' but never defined [-Wunused-function]
   33 | static void mqtt_event_handler(void *handler_args, esp_event_base_t base, int32_t event_id, void *event_data);
      |             ^~~~~~~~~~~~~~~~~~
/home/umesh_adwait/esp-idf/examples/get-started/test_phase2/main/main.c:51:34: warning: 'adc1_handle' defined but not used [-Wunused-variable]
   51 | static adc_oneshot_unit_handle_t adc1_handle = NULL;
      |                                  ^~~~~~~~~~~
/home/umesh_adwait/.espressif/tools/xtensa-esp-elf/esp-15.1.0_20250607/xtensa-esp-elf/bin/../lib/gcc/xtensa-esp-elf/15.1.0/../../../../xtensa-esp-elf/bin/ld: esp-idf/main/libmain.a(interr_event.c.obj):/home/umesh_adwait/esp-idf/examples/get-started/test_phase2/main/dvr/interr_event.c:6: multiple definition of `adc_val'; esp-idf/main/libmain.a(main.c.obj):/home/umesh_adwait/esp-idf/examples/get-started/test_phase2/main/main.c:53: first defined here
/home/umesh_adwait/.espressif/tools/xtensa-esp-elf/esp-15.1.0_20250607/xtensa-esp-elf/bin/../lib/gcc/xtensa-esp-elf/15.1.0/../../../../xtensa-esp-elf/bin/ld: esp-idf/main/libmain.a(main.c.obj):(.literal.app_main+0x24): undefined reference to `adc_init'
/home/umesh_adwait/.espressif/tools/xtensa-esp-elf/esp-15.1.0_20250607/xtensa-esp-elf/bin/../lib/gcc/xtensa-esp-elf/15.1.0/../../../../xtensa-esp-elf/bin/ld: esp-idf/main/libmain.a(main.c.obj): in function `start_20ms_timer':
/home/umesh_adwait/esp-idf/examples/get-started/test_phase2/main/main.c:141:(.text.app_main+0x3): undefined reference to `adc_init'
collect2: error: ld returned 1 exit status
make[2]: *** [CMakeFiles/test.elf.dir/build.make:577: test.elf] Error 1
make[1]: *** [CMakeFiles/Makefile2:3138: CMakeFiles/test.elf.dir/all] Error 2
make: *** [Makefile:130: all] Error 2
