Command: make -j 14 all
Configuration Report               
 ───────────────────────────────── 
   Parser Version: 1               
   Verbosity: default              
   Status: Finished successfully   
                                   
 ───────────────────────────────── 
Configuration Report                     
 ─────────────────────────────────────── 
   Parser Version: 1                     
   Verbosity: default                    
   Status: Finished with notifications   
                                         
 ─────────────────────────────────────── 
In file included from /home/umesh_adwait/esp-idf/examples/get-started/test_phase2/main/main.c:26:
/home/umesh_adwait/esp-idf/components/spi_flash/include/esp_spi_flash.h:6:2: warning: #warning esp_spi_flash.h is deprecated, please use spi_flash_mmap.h instead [-Wcpp]
    6 | #warning esp_spi_flash.h is deprecated, please use spi_flash_mmap.h instead
      |  ^~~~~~~
/home/umesh_adwait/esp-idf/examples/get-started/test_phase2/main/dvr/per_intr.c:81:23: warning: 'disp_isr_handler' defined but not used [-Wunused-function]
   81 | static void IRAM_ATTR disp_isr_handler(void *arg)
      |                       ^~~~~~~~~~~~~~~~
/home/umesh_adwait/esp-idf/examples/get-started/test_phase2/main/process.c: In function 'dsp_process':
/home/umesh_adwait/esp-idf/examples/get-started/test_phase2/main/process.c:79:21: warning: variable 'fft_buffer' set but not used [-Wunused-but-set-variable]
   79 |     static int16_t *fft_buffer;
      |                     ^~~~~~~~~~
/home/umesh_adwait/esp-idf/examples/get-started/test_phase2/main/network/wifi_config.c: In function 'initialize_sntp':
/home/umesh_adwait/esp-idf/examples/get-started/test_phase2/main/network/wifi_config.c:460:9: warning: 'sntp_setoperatingmode' is deprecated: use esp_sntp_setoperatingmode() instead [-Wdeprecated-declarations]
  460 |         sntp_setoperatingmode(SNTP_OPMODE_POLL);
      |         ^~~~~~~~~~~~~~~~~~~~~
In file included from /home/umesh_adwait/esp-idf/examples/get-started/test_phase2/main/network/wifi_config.h:34,
                 from /home/umesh_adwait/esp-idf/examples/get-started/test_phase2/main/network/wifi_config.c:16:
/home/umesh_adwait/esp-idf/components/lwip/include/apps/esp_sntp.h:249:6: note: declared here
  249 | void sntp_setoperatingmode(u8_t operating_mode)
      |      ^~~~~~~~~~~~~~~~~~~~~
/home/umesh_adwait/esp-idf/examples/get-started/test_phase2/main/network/wifi_config.c:461:9: warning: 'sntp_setservername' is deprecated: use esp_sntp_setservername() instead [-Wdeprecated-declarations]
  461 |         sntp_setservername(0, "pool.ntp.org");
      |         ^~~~~~~~~~~~~~~~~~
/home/umesh_adwait/esp-idf/components/lwip/include/apps/esp_sntp.h:263:6: note: declared here
  263 | void sntp_setservername(u8_t idx, const char *server)
      |      ^~~~~~~~~~~~~~~~~~
/home/umesh_adwait/esp-idf/examples/get-started/test_phase2/main/network/wifi_config.c:462:9: warning: 'sntp_init' is deprecated: use esp_sntp_init() instead [-Wdeprecated-declarations]
  462 |         sntp_init();
      |         ^~~~~~~~~
/home/umesh_adwait/esp-idf/components/lwip/include/apps/esp_sntp.h:269:6: note: declared here
  269 | void sntp_init(void)
      |      ^~~~~~~~~
/home/umesh_adwait/esp-idf/examples/get-started/test_phase2/main/network/mqtt_app.c: In function 'mqtt_event_handler':
/home/umesh_adwait/esp-idf/examples/get-started/test_phase2/main/network/mqtt_app.c:28:29: warning: unused variable 'event' [-Wunused-variable]
   28 |     esp_mqtt_event_handle_t event = event_data;
      |                             ^~~~~
/home/umesh_adwait/.espressif/tools/xtensa-esp-elf/esp-15.1.0_20250607/xtensa-esp-elf/bin/../lib/gcc/xtensa-esp-elf/15.1.0/../../../../xtensa-esp-elf/bin/ld: esp-idf/main/libmain.a(interr_event.c.obj):/home/umesh_adwait/esp-idf/examples/get-started/test_phase2/main/dvr/interr_event.h:15: multiple definition of `adc_val'; esp-idf/main/libmain.a(main.c.obj):/home/umesh_adwait/esp-idf/examples/get-started/test_phase2/main/dvr/interr_event.h:15: first defined here
/home/umesh_adwait/.espressif/tools/xtensa-esp-elf/esp-15.1.0_20250607/xtensa-esp-elf/bin/../lib/gcc/xtensa-esp-elf/15.1.0/../../../../xtensa-esp-elf/bin/ld: esp-idf/main/libmain.a(process.c.obj):/home/umesh_adwait/esp-idf/examples/get-started/test_phase2/main/dvr/interr_event.h:15: multiple definition of `adc_val'; esp-idf/main/libmain.a(main.c.obj):/home/umesh_adwait/esp-idf/examples/get-started/test_phase2/main/dvr/interr_event.h:15: first defined here
/home/umesh_adwait/.espressif/tools/xtensa-esp-elf/esp-15.1.0_20250607/xtensa-esp-elf/bin/../lib/gcc/xtensa-esp-elf/15.1.0/../../../../xtensa-esp-elf/bin/ld: esp-idf/main/libmain.a(main.c.obj):(.literal.oled_task+0x14): undefined reference to `ppg_adc'
collect2: error: ld returned 1 exit status
make[2]: *** [CMakeFiles/test.elf.dir/build.make:577: test.elf] Error 1
make[1]: *** [CMakeFiles/Makefile2:3138: CMakeFiles/test.elf.dir/all] Error 2
make: *** [Makefile:130: all] Error 2
