Command: make -j 14 all
/home/umesh_adwait/.espressif/tools/xtensa-esp-elf/esp-15.1.0_20250607/xtensa-esp-elf/bin/../lib/gcc/xtensa-esp-elf/15.1.0/../../../../xtensa-esp-elf/bin/ld: esp-idf/esp_adc/libesp_adc.a(adc_dma.c.obj): in function `adc_dma_init':
/home/umesh_adwait/esp-idf/components/esp_adc/esp32/adc_dma.c:51: multiple definition of `adc_dma_init'; esp-idf/main/libmain.a(interr_event.c.obj):/home/umesh_adwait/esp-idf/examples/get-started/test_phase2/main/dvr/interr_event.c:134: first defined here
collect2: error: ld returned 1 exit status
make[2]: *** [CMakeFiles/test.elf.dir/build.make:577: test.elf] Error 1
make[1]: *** [CMakeFiles/Makefile2:3138: CMakeFiles/test.elf.dir/all] Error 2
make: *** [Makefile:130: all] Error 2
