Command: make -j 14 all
In file included from /home/umesh_adwait/esp-idf/examples/get-started/test_phase2/main/process.c:5:
/home/umesh_adwait/esp-idf/examples/get-started/test_phase2/main/hamming.h:1: error: unterminated #ifndef
    1 | #ifndef _HAMMING_H_
/home/umesh_adwait/esp-idf/examples/get-started/test_phase2/main/process.c: In function 'DSP_process':
/home/umesh_adwait/esp-idf/examples/get-started/test_phase2/main/process.c:56:21: warning: variable 'fft_buffer' set but not used [-Wunused-but-set-variable]
   56 |     static int16_t *fft_buffer;
      |                     ^~~~~~~~~~
make[2]: *** [esp-idf/main/CMakeFiles/__idf_main.dir/build.make:180: esp-idf/main/CMakeFiles/__idf_main.dir/process.c.obj] Error 1
make[1]: *** [CMakeFiles/Makefile2:6314: esp-idf/main/CMakeFiles/__idf_main.dir/all] Error 2
make: *** [Makefile:130: all] Error 2
