Command: make -j 14 all
/home/umesh_adwait/esp-idf/examples/get-started/test_phase2/main/network/wifi_config.c: In function 'event_handler':
/home/umesh_adwait/esp-idf/examples/get-started/test_phase2/main/network/wifi_config.c:109:19: error: expected expression before 'void'
  109 |          test_udp(void);
      |                   ^~~~
/home/umesh_adwait/esp-idf/examples/get-started/test_phase2/main/network/wifi_config.c:109:10: error: too many arguments to function 'test_udp'; expected 0, have 1
  109 |          test_udp(void);
      |          ^~~~~~~~
/home/umesh_adwait/esp-idf/examples/get-started/test_phase2/main/network/wifi_config.c:37:6: note: declared here
   37 | void test_udp(void)
      |      ^~~~~~~~
make[2]: *** [esp-idf/main/CMakeFiles/__idf_main.dir/build.make:141: esp-idf/main/CMakeFiles/__idf_main.dir/network/wifi_config.c.obj] Error 1
make[1]: *** [CMakeFiles/Makefile2:6398: esp-idf/main/CMakeFiles/__idf_main.dir/all] Error 2
make: *** [Makefile:130: all] Error 2
