Command: make -j 14 all
In file included from /home/umesh_adwait/esp-idf/examples/get-started/test_phase2/main/main.c:26:
/home/umesh_adwait/esp-idf/components/spi_flash/include/esp_spi_flash.h:6:2: warning: #warning esp_spi_flash.h is deprecated, please use spi_flash_mmap.h instead [-Wcpp]
    6 | #warning esp_spi_flash.h is deprecated, please use spi_flash_mmap.h instead
      |  ^~~~~~~
/home/umesh_adwait/esp-idf/examples/get-started/test_phase2/main/process.c: In function 'dsp_process':
/home/umesh_adwait/esp-idf/examples/get-started/test_phase2/main/process.c:79:21: warning: variable 'fft_buffer' set but not used [-Wunused-but-set-variable]
   79 |     static int16_t *fft_buffer;
      |                     ^~~~~~~~~~
/home/umesh_adwait/.espressif/tools/xtensa-esp-elf/esp-15.1.0_20250607/xtensa-esp-elf/bin/../lib/gcc/xtensa-esp-elf/15.1.0/../../../../xtensa-esp-elf/bin/ld: esp-idf/main/libmain.a(interr_event.c.obj):/home/umesh_adwait/esp-idf/examples/get-started/test_phase2/main/dvr/interr_event.h:15: multiple definition of `adc_val'; esp-idf/main/libmain.a(main.c.obj):/home/umesh_adwait/esp-idf/examples/get-started/test_phase2/main/dvr/interr_event.h:15: first defined here
/home/umesh_adwait/.espressif/tools/xtensa-esp-elf/esp-15.1.0_20250607/xtensa-esp-elf/bin/../lib/gcc/xtensa-esp-elf/15.1.0/../../../../xtensa-esp-elf/bin/ld: esp-idf/main/libmain.a(process.c.obj):/home/umesh_adwait/esp-idf/examples/get-started/test_phase2/main/dvr/interr_event.h:15: multiple definition of `adc_val'; esp-idf/main/libmain.a(main.c.obj):/home/umesh_adwait/esp-idf/examples/get-started/test_phase2/main/dvr/interr_event.h:15: first defined here
collect2: error: ld returned 1 exit status
make[2]: *** [CMakeFiles/test.elf.dir/build.make:577: test.elf] Error 1
make[1]: *** [CMakeFiles/Makefile2:3138: CMakeFiles/test.elf.dir/all] Error 2
make: *** [Makefile:130: all] Error 2
